<?xml version="1.0" encoding="UTF-8"?>
<!-- Generated by org.testng.reporters.JUnitReportReporter -->
<testsuite skipped="0" hostname="Musas-MacBook-Pro.local" name="com.dice.step_definations.DiceTestNG" tests="1" failures="0" timestamp="20 Nov 2017 03:14:21 GMT" time="10.400" errors="0">
  <testcase name="loginTest" time="10.400" classname="com.dice.step_definations.DiceTestNG"/>
</testsuite> <!-- com.dice.step_definations.DiceTestNG -->
